
-------------------------------------------------------------------------------


-------------------------------------------------------------------------------

./Portable/Cygwin/tmp/test.txt: Empty file
./Portable/Cygwin/bin/reset: Symbolic link
./Portable/Cygwin/bin/slogin: Symbolic link
./Portable/Cygwin/bin/xzcat: Symbolic link
./Portable/Cygwin/bin/rnano: Symbolic link
./Portable/Cygwin/bin/lzegrep: Symbolic link
./Portable/Cygwin/bin/rvi: Symbolic link
./Portable/Cygwin/bin/lzless: Symbolic link
./Portable/Cygwin/bin/rvim: Symbolic link
./Portable/Cygwin/bin/vimdiff: Symbolic link
./Portable/Cygwin/bin/lzgrep: Symbolic link
./Portable/Cygwin/bin/rview: Symbolic link
./Portable/Cygwin/bin/lzma: Symbolic link
./Portable/Cygwin/bin/python2: Symbolic link
./Portable/Cygwin/bin/xzegrep: Symbolic link
./Portable/Cygwin/bin/python: Symbolic link
./Portable/Cygwin/bin/infotocap: Symbolic link
./Portable/Cygwin/bin/lzcat: Symbolic link
./Portable/Cygwin/bin/lzmore: Symbolic link
./Portable/Cygwin/bin/xzcmp: Symbolic link
./Portable/Cygwin/bin/bzless: Symbolic link
./Portable/Cygwin/bin/unxz: Symbolic link
./Portable/Cygwin/bin/captoinfo: Symbolic link
./Portable/Cygwin/bin/pydoc2: Symbolic link
./Portable/Cygwin/bin/pydoc: Symbolic link
./Portable/Cygwin/bin/lzfgrep: Symbolic link
./Portable/Cygwin/bin/xzfgrep: Symbolic link
./Portable/Cygwin/bin/bzfgrep: Symbolic link
./Portable/Cygwin/bin/desktop-file-edit: Symbolic link
./Portable/Cygwin/bin/lzdiff: Symbolic link
./Portable/Cygwin/bin/apropos: Symbolic link
./Portable/Cygwin/bin/view: Symbolic link
./Portable/Cygwin/bin/ex: Symbolic link
./Portable/Cygwin/bin/domainname: Symbolic link
./Portable/Cygwin/bin/bzegrep: Symbolic link
./Portable/Cygwin/bin/awk: Symbolic link
./Portable/Cygwin/bin/unlzma: Symbolic link
./Portable/Cygwin/bin/lzcmp: Symbolic link
./Portable/Cygwin/bin/bzcmp: Symbolic link
./Portable/Cygwin/bin/zipinfo: Symbolic link
./Portable/Cygwin/bin/dnsdomainname: Symbolic link
./Portable/Cygwin/dev/fd: Symbolic link
./Portable/Cygwin/dev/stderr: Symbolic link
./Portable/Cygwin/dev/stdout: Symbolic link
./Portable/Cygwin/dev/stdin: Symbolic link
./Portable/Cygwin/var/cache/rebase/rebase_dyn.old: Empty file
./Portable/Cygwin/var/run/utmp: Empty file
./Portable/Cygwin/var/lib/alternatives/.keep-alternatives: Empty file
./Portable/Cygwin/lib/terminfo: Symbolic link
./Portable/Cygwin/lib/libg.a: Symbolic link
./Portable/Cygwin/lib/security/cacerts: Symbolic link
./Portable/Cygwin/lib/python2.7/email/mime/__init__.py: Empty file
./Portable/Cygwin/lib/python2.7/pydoc_data/__init__.py: Empty file
./Portable/Cygwin/lib/p11-kit/trust-extract-compat: Symbolic link
./Portable/Cygwin/etc/fonts/conf.d/30-metric-aliases.conf: Symbolic link
./Portable/Cygwin/etc/fonts/conf.d/40-nonlatin.conf: Symbolic link
./Portable/Cygwin/etc/fonts/conf.d/10-scale-bitmap-fonts.conf: Symbolic link
./Portable/Cygwin/etc/fonts/conf.d/65-nonlatin.conf: Symbolic link
./Portable/Cygwin/etc/fonts/conf.d/45-latin.conf: Symbolic link
./Portable/Cygwin/etc/fonts/conf.d/51-local.conf: Symbolic link
./Portable/Cygwin/etc/fonts/conf.d/69-unifont.conf: Symbolic link
./Portable/Cygwin/etc/fonts/conf.d/60-latin.conf: Symbolic link
./Portable/Cygwin/etc/fonts/conf.d/50-user.conf: Symbolic link
./Portable/Cygwin/etc/fonts/conf.d/57-dejavu-sans-mono.conf: Symbolic link
./Portable/Cygwin/etc/fonts/conf.d/90-synthetic.conf: Symbolic link
./Portable/Cygwin/etc/fonts/conf.d/65-fonts-persian.conf: Symbolic link
./Portable/Cygwin/etc/fonts/conf.d/20-unhint-small-vera.conf: Symbolic link
./Portable/Cygwin/etc/fonts/conf.d/30-urw-aliases.conf: Symbolic link
./Portable/Cygwin/etc/fonts/conf.d/80-delicious.conf: Symbolic link
./Portable/Cygwin/etc/fonts/conf.d/20-unhint-small-dejavu-sans.conf: Symbolic link
./Portable/Cygwin/etc/fonts/conf.d/20-unhint-small-dejavu-sans-mono.conf: Symbolic link
./Portable/Cygwin/etc/fonts/conf.d/20-unhint-small-dejavu-serif.conf: Symbolic link
./Portable/Cygwin/etc/fonts/conf.d/57-dejavu-serif.conf: Symbolic link
./Portable/Cygwin/etc/fonts/conf.d/57-dejavu-sans.conf: Symbolic link
./Portable/Cygwin/etc/fonts/conf.d/10-hinting-slight.conf: Symbolic link
./Portable/Cygwin/etc/fonts/conf.d/49-sansserif.conf: Symbolic link
./Portable/Cygwin/etc/hosts: Symbolic link
./Portable/Cygwin/etc/mtab: Symbolic link
./Portable/Cygwin/etc/pki/tls/cert.pem: Symbolic link
./Portable/Cygwin/etc/pki/tls/certs: Symbolic link
./Portable/Cygwin/etc/pki/ca-trust/source/ca-bundle.legacy.crt: Symbolic link
./Portable/Cygwin/etc/services: Symbolic link
./Portable/Cygwin/etc/protocols: Symbolic link
./Portable/Cygwin/etc/ssl/certs: Symbolic link
./Portable/Cygwin/etc/networks: Symbolic link
./Portable/Cygwin/usr/share/fonts/microsoft/corbelz.ttf: Symbolic link
./Portable/Cygwin/usr/share/fonts/microsoft/NirmalaB.ttf: Symbolic link
./Portable/Cygwin/usr/share/fonts/microsoft/segoeuib.ttf: Symbolic link
./Portable/Cygwin/usr/share/fonts/microsoft/LeelawUI.ttf: Symbolic link
./Portable/Cygwin/usr/share/fonts/microsoft/seguibli.ttf: Symbolic link
./Portable/Cygwin/usr/share/fonts/microsoft/comicbd.ttf: Symbolic link
./Portable/Cygwin/usr/share/fonts/microsoft/corbeli.ttf: Symbolic link
./Portable/Cygwin/usr/share/fonts/microsoft/Nirmala.ttf: Symbolic link
./Portable/Cygwin/usr/share/fonts/microsoft/mvboli.ttf: Symbolic link
./Portable/Cygwin/usr/share/fonts/microsoft/malgunbd.ttf: Symbolic link
./Portable/Cygwin/usr/share/fonts/microsoft/segoeuisl.ttf: Symbolic link
./Portable/Cygwin/usr/share/fonts/microsoft/seguihis.ttf: Symbolic link
./Portable/Cygwin/usr/share/fonts/microsoft/courbd.ttf: Symbolic link
./Portable/Cygwin/usr/share/fonts/microsoft/constanb.ttf: Symbolic link
./Portable/Cygwin/usr/share/fonts/microsoft/calibrii.ttf: Symbolic link
./Portable/Cygwin/usr/share/fonts/microsoft/segoescb.ttf: Symbolic link
./Portable/Cygwin/usr/share/fonts/microsoft/consolai.ttf: Symbolic link
./Portable/Cygwin/usr/share/fonts/microsoft/gadugi.ttf: Symbolic link
./Portable/Cygwin/usr/share/fonts/microsoft/tahoma.ttf: Symbolic link
./Portable/Cygwin/usr/share/fonts/microsoft/malgun.ttf: Symbolic link
./Portable/Cygwin/usr/share/fonts/microsoft/palabi.ttf: Symbolic link
./Portable/Cygwin/usr/share/fonts/microsoft/pala.ttf: Symbolic link
./Portable/Cygwin/usr/share/fonts/microsoft/cambriaz.ttf: Symbolic link
./Portable/Cygwin/usr/share/fonts/microsoft/cambriab.ttf: Symbolic link
./Portable/Cygwin/usr/share/fonts/microsoft/taileb.ttf: Symbolic link
./Portable/Cygwin/usr/share/fonts/microsoft/cambriai.ttf: Symbolic link
./Portable/Cygwin/usr/share/fonts/microsoft/segoeuil.ttf: Symbolic link
./Portable/Cygwin/usr/share/fonts/microsoft/ebrima.ttf: Symbolic link
./Portable/Cygwin/usr/share/fonts/microsoft/verdanai.ttf: Symbolic link
./Portable/Cygwin/usr/share/fonts/microsoft/courbi.ttf: Symbolic link
./Portable/Cygwin/usr/share/fonts/microsoft/malgunsl.ttf: Symbolic link
./Portable/Cygwin/usr/share/fonts/microsoft/ariali.ttf: Symbolic link
./Portable/Cygwin/usr/share/fonts/microsoft/timesbd.ttf: Symbolic link
./Portable/Cygwin/usr/share/fonts/microsoft/calibri.ttf: Symbolic link
./Portable/Cygwin/usr/share/fonts/microsoft/lucon.ttf: Symbolic link
./Portable/Cygwin/usr/share/fonts/microsoft/LeelaUIb.ttf: Symbolic link
./Portable/Cygwin/usr/share/fonts/microsoft/marlett.ttf: Symbolic link
./Portable/Cygwin/usr/share/fonts/microsoft/tahomabd.ttf: Symbolic link
./Portable/Cygwin/usr/share/fonts/microsoft/webdings.ttf: Symbolic link
./Portable/Cygwin/usr/share/fonts/microsoft/segoeui.ttf: Symbolic link
./Portable/Cygwin/usr/share/fonts/microsoft/comic.ttf: Symbolic link
./Portable/Cygwin/usr/share/fonts/microsoft/framd.ttf: Symbolic link
./Portable/Cygwin/usr/share/fonts/microsoft/constanz.ttf: Symbolic link
./Portable/Cygwin/usr/share/fonts/microsoft/symbol.ttf: Symbolic link
./Portable/Cygwin/usr/share/fonts/microsoft/framdit.ttf: Symbolic link
./Portable/Cygwin/usr/share/fonts/microsoft/comicz.ttf: Symbolic link
./Portable/Cygwin/usr/share/fonts/microsoft/georgia.ttf: Symbolic link
./Portable/Cygwin/usr/share/fonts/microsoft/segoeuiz.ttf: Symbolic link
./Portable/Cygwin/usr/share/fonts/microsoft/Candarab.ttf: Symbolic link
./Portable/Cygwin/usr/share/fonts/microsoft/LeelUIsl.ttf: Symbolic link
./Portable/Cygwin/usr/share/fonts/microsoft/corbelb.ttf: Symbolic link
./Portable/Cygwin/usr/share/fonts/microsoft/ebrimabd.ttf: Symbolic link
./Portable/Cygwin/usr/share/fonts/microsoft/trebucbi.ttf: Symbolic link
./Portable/Cygwin/usr/share/fonts/microsoft/l_10646.ttf: Symbolic link
./Portable/Cygwin/usr/share/fonts/microsoft/arial.ttf: Symbolic link
./Portable/Cygwin/usr/share/fonts/microsoft/consolab.ttf: Symbolic link
./Portable/Cygwin/usr/share/fonts/microsoft/segoeprb.ttf: Symbolic link
./Portable/Cygwin/usr/share/fonts/microsoft/himalaya.ttf: Symbolic link
./Portable/Cygwin/usr/share/fonts/microsoft/calibril.ttf: Symbolic link
./Portable/Cygwin/usr/share/fonts/microsoft/micross.ttf: Symbolic link
./Portable/Cygwin/usr/share/fonts/microsoft/georgiaz.ttf: Symbolic link
./Portable/Cygwin/usr/share/fonts/microsoft/seguili.ttf: Symbolic link
./Portable/Cygwin/usr/share/fonts/microsoft/ariblk.ttf: Symbolic link
./Portable/Cygwin/usr/share/fonts/microsoft/ntailub.ttf: Symbolic link
./Portable/Cygwin/usr/share/fonts/microsoft/taile.ttf: Symbolic link
./Portable/Cygwin/usr/share/fonts/microsoft/arialbi.ttf: Symbolic link
./Portable/Cygwin/usr/share/fonts/microsoft/couri.ttf: Symbolic link
./Portable/Cygwin/usr/share/fonts/microsoft/msyi.ttf: Symbolic link
./Portable/Cygwin/usr/share/fonts/microsoft/impact.ttf: Symbolic link
./Portable/Cygwin/usr/share/fonts/microsoft/gadugib.ttf: Symbolic link
./Portable/Cygwin/usr/share/fonts/microsoft/mmrtextb.ttf: Symbolic link
./Portable/Cygwin/usr/share/fonts/microsoft/verdana.ttf: Symbolic link
./Portable/Cygwin/usr/share/fonts/microsoft/simsunb.ttf: Symbolic link
./Portable/Cygwin/usr/share/fonts/microsoft/comici.ttf: Symbolic link
./Portable/Cygwin/usr/share/fonts/microsoft/calibrib.ttf: Symbolic link
./Portable/Cygwin/usr/share/fonts/microsoft/Candarai.ttf: Symbolic link
./Portable/Cygwin/usr/share/fonts/microsoft/calibriz.ttf: Symbolic link
./Portable/Cygwin/usr/share/fonts/microsoft/cour.ttf: Symbolic link
./Portable/Cygwin/usr/share/fonts/microsoft/timesbi.ttf: Symbolic link
./Portable/Cygwin/usr/share/fonts/microsoft/Candaraz.ttf: Symbolic link
./Portable/Cygwin/usr/share/fonts/microsoft/trebucbd.ttf: Symbolic link
./Portable/Cygwin/usr/share/fonts/microsoft/seguibl.ttf: Symbolic link
./Portable/Cygwin/usr/share/fonts/microsoft/seguisym.ttf: Symbolic link
./Portable/Cygwin/usr/share/fonts/microsoft/constani.ttf: Symbolic link
./Portable/Cygwin/usr/share/fonts/microsoft/corbel.ttf: Symbolic link
./Portable/Cygwin/usr/share/fonts/microsoft/segmdl2.ttf: Symbolic link
./Portable/Cygwin/usr/share/fonts/microsoft/trebuc.ttf: Symbolic link
./Portable/Cygwin/usr/share/fonts/microsoft/timesi.ttf: Symbolic link
./Portable/Cygwin/usr/share/fonts/microsoft/mmrtext.ttf: Symbolic link
./Portable/Cygwin/usr/share/fonts/microsoft/sylfaen.ttf: Symbolic link
./Portable/Cygwin/usr/share/fonts/microsoft/georgiab.ttf: Symbolic link
./Portable/Cygwin/usr/share/fonts/microsoft/seguisli.ttf: Symbolic link
./Portable/Cygwin/usr/share/fonts/microsoft/consolaz.ttf: Symbolic link
./Portable/Cygwin/usr/share/fonts/microsoft/times.ttf: Symbolic link
./Portable/Cygwin/usr/share/fonts/microsoft/Gabriola.ttf: Symbolic link
./Portable/Cygwin/usr/share/fonts/microsoft/javatext.ttf: Symbolic link
./Portable/Cygwin/usr/share/fonts/microsoft/palai.ttf: Symbolic link
./Portable/Cygwin/usr/share/fonts/microsoft/phagspab.ttf: Symbolic link
./Portable/Cygwin/usr/share/fonts/microsoft/calibrili.ttf: Symbolic link
./Portable/Cygwin/usr/share/fonts/microsoft/georgiai.ttf: Symbolic link
./Portable/Cygwin/usr/share/fonts/microsoft/trebucit.ttf: Symbolic link
./Portable/Cygwin/usr/share/fonts/microsoft/arialbd.ttf: Symbolic link
./Portable/Cygwin/usr/share/fonts/microsoft/constan.ttf: Symbolic link
./Portable/Cygwin/usr/share/fonts/microsoft/palab.ttf: Symbolic link
./Portable/Cygwin/usr/share/fonts/microsoft/monbaiti.ttf: Symbolic link
./Portable/Cygwin/usr/share/fonts/microsoft/ntailu.ttf: Symbolic link
./Portable/Cygwin/usr/share/fonts/microsoft/seguisbi.ttf: Symbolic link
./Portable/Cygwin/usr/share/fonts/microsoft/seguisb.ttf: Symbolic link
./Portable/Cygwin/usr/share/fonts/microsoft/consola.ttf: Symbolic link
./Portable/Cygwin/usr/share/fonts/microsoft/Candara.ttf: Symbolic link
./Portable/Cygwin/usr/share/fonts/microsoft/wingding.ttf: Symbolic link
./Portable/Cygwin/usr/share/fonts/microsoft/NirmalaS.ttf: Symbolic link
./Portable/Cygwin/usr/share/fonts/microsoft/segoesc.ttf: Symbolic link
./Portable/Cygwin/usr/share/fonts/microsoft/seguiemj.ttf: Symbolic link
./Portable/Cygwin/usr/share/fonts/microsoft/verdanaz.ttf: Symbolic link
./Portable/Cygwin/usr/share/fonts/microsoft/segoepr.ttf: Symbolic link
./Portable/Cygwin/usr/share/fonts/microsoft/verdanab.ttf: Symbolic link
./Portable/Cygwin/usr/share/fonts/microsoft/phagspa.ttf: Symbolic link
./Portable/Cygwin/usr/share/fonts/microsoft/segoeuii.ttf: Symbolic link
./Portable/Cygwin/usr/share/groff/1.22.3/tmac/mm/locale: Empty file
./Portable/Cygwin/usr/share/groff/1.22.3/tmac/mm/se_locale: Empty file
./Portable/Cygwin/usr/share/groff/current: Symbolic link
./Portable/Cygwin/usr/share/file/magic: Symbolic link
./Portable/Cygwin/usr/share/terminfo/6a/jfbterm: Symbolic link
./Portable/Cygwin/usr/share/terminfo/45/Eterm-color: Symbolic link
./Portable/Cygwin/usr/share/terminfo/73/screen.minitel2-80: Symbolic link
./Portable/Cygwin/usr/share/terminfo/73/screen.minitel12-80: Symbolic link
./Portable/Cygwin/usr/share/terminfo/73/screen.xterm-new: Symbolic link
./Portable/Cygwin/usr/share/doc/groff/pdf/mom-pdf.pdf: Symbolic link
./Portable/Cygwin/usr/share/doc/git/html/index.html: Symbolic link
./Portable/Cygwin/usr/share/doc/common-licenses/LGPL: Symbolic link
./Portable/Cygwin/usr/share/doc/common-licenses/Apache: Symbolic link
./Portable/Cygwin/usr/share/doc/common-licenses/GPL: Symbolic link
./Portable/Cygwin/usr/share/doc/common-licenses/CC0: Symbolic link
./Portable/Cygwin/usr/share/doc/common-licenses/AFL: Symbolic link
./Portable/Cygwin/usr/share/pki/ca-trust-legacy/ca-bundle.legacy.disable.crt: Empty file
./Portable/Cygwin/usr/share/pki/ca-trust-legacy/ca-bundle.legacy.default.crt: Empty file
./Portable/Cygwin/usr/share/magic: Symbolic link
./Portable/Cygwin/usr/share/locale/lt/LC_TIME/coreutils.mo: Symbolic link
./Portable/Cygwin/usr/share/locale/es/LC_TIME/coreutils.mo: Symbolic link
./Portable/Cygwin/usr/share/locale/ko/LC_TIME/coreutils.mo: Symbolic link
./Portable/Cygwin/usr/share/locale/sr/LC_TIME/coreutils.mo: Symbolic link
./Portable/Cygwin/usr/share/locale/af/LC_TIME/coreutils.mo: Symbolic link
./Portable/Cygwin/usr/share/locale/uk/LC_TIME/coreutils.mo: Symbolic link
./Portable/Cygwin/usr/share/locale/bg/LC_TIME/coreutils.mo: Symbolic link
./Portable/Cygwin/usr/share/locale/hr/LC_TIME/coreutils.mo: Symbolic link
./Portable/Cygwin/usr/share/locale/el/LC_TIME/coreutils.mo: Symbolic link
./Portable/Cygwin/usr/share/locale/ru/LC_TIME/coreutils.mo: Symbolic link
./Portable/Cygwin/usr/share/locale/de/LC_TIME/coreutils.mo: Symbolic link
./Portable/Cygwin/usr/share/locale/et/LC_TIME/coreutils.mo: Symbolic link
./Portable/Cygwin/usr/share/locale/ia/LC_TIME/coreutils.mo: Symbolic link
./Portable/Cygwin/usr/share/locale/pt/LC_TIME/coreutils.mo: Symbolic link
./Portable/Cygwin/usr/share/locale/nl/LC_TIME/coreutils.mo: Symbolic link
./Portable/Cygwin/usr/share/locale/ga/LC_TIME/coreutils.mo: Symbolic link
./Portable/Cygwin/usr/share/locale/eu/LC_TIME/coreutils.mo: Symbolic link
./Portable/Cygwin/usr/share/locale/pl/LC_TIME/coreutils.mo: Symbolic link
./Portable/Cygwin/usr/share/locale/gl/LC_TIME/coreutils.mo: Symbolic link
./Portable/Cygwin/usr/share/locale/id/LC_TIME/coreutils.mo: Symbolic link
./Portable/Cygwin/usr/share/locale/kk/LC_TIME/coreutils.mo: Symbolic link
./Portable/Cygwin/usr/share/locale/zh_CN/LC_TIME/coreutils.mo: Symbolic link
./Portable/Cygwin/usr/share/locale/ro/LC_TIME/coreutils.mo: Symbolic link
./Portable/Cygwin/usr/share/locale/nb/LC_TIME/coreutils.mo: Symbolic link
./Portable/Cygwin/usr/share/locale/ca/LC_TIME/coreutils.mo: Symbolic link
./Portable/Cygwin/usr/share/locale/fr/LC_TIME/coreutils.mo: Symbolic link
./Portable/Cygwin/usr/share/locale/be/LC_TIME/coreutils.mo: Symbolic link
./Portable/Cygwin/usr/share/locale/eo/LC_TIME/coreutils.mo: Symbolic link
./Portable/Cygwin/usr/share/locale/zh_TW/LC_TIME/coreutils.mo: Symbolic link
./Portable/Cygwin/usr/share/locale/sv/LC_TIME/coreutils.mo: Symbolic link
./Portable/Cygwin/usr/share/locale/cs/LC_TIME/coreutils.mo: Symbolic link
./Portable/Cygwin/usr/share/locale/ja/LC_TIME/coreutils.mo: Symbolic link
./Portable/Cygwin/usr/share/locale/fi/LC_TIME/coreutils.mo: Symbolic link
./Portable/Cygwin/usr/share/locale/it/LC_TIME/coreutils.mo: Symbolic link
./Portable/Cygwin/usr/share/locale/sl/LC_TIME/coreutils.mo: Symbolic link
./Portable/Cygwin/usr/share/locale/lg/LC_TIME/coreutils.mo: Symbolic link
./Portable/Cygwin/usr/share/locale/vi/LC_TIME/coreutils.mo: Symbolic link
./Portable/Cygwin/usr/share/locale/hu/LC_TIME/coreutils.mo: Symbolic link
./Portable/Cygwin/usr/share/locale/pt_BR/LC_TIME/coreutils.mo: Symbolic link
./Portable/Cygwin/usr/share/locale/sk/LC_TIME/coreutils.mo: Symbolic link
./Portable/Cygwin/usr/share/locale/tr/LC_TIME/coreutils.mo: Symbolic link
./Portable/Cygwin/usr/share/locale/ms/LC_TIME/coreutils.mo: Symbolic link
./Portable/Cygwin/usr/share/locale/da/LC_TIME/coreutils.mo: Symbolic link
./Portable/Cygwin/usr/share/X11/locale/sr_CS.UTF-8/XLC_LOCALE: Empty file
./Portable/Cygwin/usr/share/X11/locale/microsoft-cp1256/Compose: Empty file
./Portable/Cygwin/usr/share/X11/locale/tscii-0/Compose: Empty file
./Portable/Cygwin/usr/share/X11/locale/iso8859-11/Compose: Empty file
./Portable/Cygwin/usr/share/X11/locale/microsoft-cp1251/Compose: Empty file
./Portable/Cygwin/usr/share/X11/locale/tatar-cyr/Compose: Empty file
./Portable/Cygwin/usr/share/X11/locale/cs_CZ.UTF-8/XLC_LOCALE: Empty file
./Portable/Cygwin/usr/share/X11/locale/cs_CZ.UTF-8/XI18N_OBJS: Empty file
./Portable/Cygwin/usr/share/X11/locale/fi_FI.UTF-8/XLC_LOCALE: Empty file
./Portable/Cygwin/usr/share/X11/locale/fi_FI.UTF-8/XI18N_OBJS: Empty file
./Portable/Cygwin/usr/share/X11/locale/isiri-3342/Compose: Empty file
./Portable/Cygwin/usr/share/X11/locale/th_TH/Compose: Empty file
./Portable/Cygwin/usr/share/X11/locale/am_ET.UTF-8/XLC_LOCALE: Empty file
./Portable/Cygwin/usr/share/X11/locale/am_ET.UTF-8/XI18N_OBJS: Empty file
./Portable/Cygwin/usr/share/X11/locale/C/Compose: Empty file
./Portable/Cygwin/usr/share/X11/locale/nokhchi-1/Compose: Empty file
./Portable/Cygwin/usr/share/X11/locale/microsoft-cp1255/Compose: Empty file
./Portable/Cygwin/usr/share/X11/locale/iscii-dev/Compose: Empty file
./Portable/Cygwin/usr/share/X11/locale/km_KH.UTF-8/XLC_LOCALE: Empty file
./Portable/Cygwin/usr/share/X11/locale/el_GR.UTF-8/XLC_LOCALE: Empty file
./Portable/Cygwin/usr/share/X11/locale/el_GR.UTF-8/XI18N_OBJS: Empty file
./Portable/Cygwin/usr/share/bash-completion/completions/gvfs-monitor-file: Symbolic link
./Portable/Cygwin/usr/share/bash-completion/completions/gvfs-monitor-dir: Symbolic link
./Portable/Cygwin/usr/share/bash-completion/completions/gvfs-copy: Symbolic link
./Portable/Cygwin/usr/share/bash-completion/completions/gvfs-mkdir: Symbolic link
./Portable/Cygwin/usr/share/bash-completion/completions/gvfs-save: Symbolic link
./Portable/Cygwin/usr/share/bash-completion/completions/gvfs-set-attribute: Symbolic link
./Portable/Cygwin/usr/share/bash-completion/completions/gvfs-rm: Symbolic link
./Portable/Cygwin/usr/share/bash-completion/completions/gvfs-tree: Symbolic link
./Portable/Cygwin/usr/share/bash-completion/completions/gvfs-info: Symbolic link
./Portable/Cygwin/usr/share/bash-completion/completions/gvfs-rename: Symbolic link
./Portable/Cygwin/usr/share/bash-completion/completions/gvfs-less: Symbolic link
./Portable/Cygwin/usr/share/bash-completion/completions/gvfs-move: Symbolic link
./Portable/Cygwin/usr/share/bash-completion/completions/gvfs-trash: Symbolic link
./Portable/Cygwin/usr/share/bash-completion/completions/gvfs-open: Symbolic link
./Portable/Cygwin/usr/share/bash-completion/completions/gvfs-ls: Symbolic link
./Portable/Cygwin/usr/share/mime/icons: Empty file
./Portable/Cygwin/usr/sbin/update-alternatives: Symbolic link
./Portable/Cygwin/usr/ssl/cert.pem: Symbolic link
./Portable/Cygwin/usr/ssl/certs/ca-bundle.trust.crt: Symbolic link
./Portable/Cygwin/usr/ssl/certs/ca-bundle.crt: Symbolic link
./Portable/Notepad++/npp.7.4.2.bin.minimalist/doLocalConf.xml: Empty file
./Workshops/FileTestSuite/Misc/.tmp4981956992927433931.instance: Empty file

----------- SCAN SUMMARY -----------
Known viruses: 6297599
Engine version: 0.99.2
Scanned directories: 1660
Scanned files: 14116
Infected files: 0
Data scanned: 1680.48 MB
Data read: 2133.23 MB (ratio 0.79:1)
Time: 223.130 sec (3 m 43 s)
